[debug] [2023-11-21T11:55:43.129Z] ----------------------------------------------------------------------
[debug] [2023-11-21T11:55:43.134Z] Command:       C:\Program Files\nodejs\node.exe C:\Users\Sivashankar\AppData\Roaming\npm\node_modules\firebase-tools\lib\bin\firebase.js init
[debug] [2023-11-21T11:55:43.135Z] CLI Version:   11.28.0
[debug] [2023-11-21T11:55:43.135Z] Platform:      win32
[debug] [2023-11-21T11:55:43.136Z] Node Version:  v18.14.2
[debug] [2023-11-21T11:55:43.138Z] Time:          Tue Nov 21 2023 17:25:43 GMT+0530 (India Standard Time)
[debug] [2023-11-21T11:55:43.139Z] ----------------------------------------------------------------------
[debug] 
[debug] [2023-11-21T11:55:43.145Z] >>> [apiv2][query] GET https://firebase-public.firebaseio.com/cli.json [none]
[debug] [2023-11-21T11:55:43.240Z] > command requires scopes: ["email","openid","https://www.googleapis.com/auth/cloudplatformprojects.readonly","https://www.googleapis.com/auth/firebase","https://www.googleapis.com/auth/cloud-platform"]
[debug] [2023-11-21T11:55:43.241Z] > authorizing via signed-in user (hactivists1234@gmail.com)
[info] 
     ######## #### ########  ######## ########     ###     ######  ########
     ##        ##  ##     ## ##       ##     ##  ##   ##  ##       ##
     ######    ##  ########  ######   ########  #########  ######  ######
     ##        ##  ##    ##  ##       ##     ## ##     ##       ## ##
     ##       #### ##     ## ######## ########  ##     ##  ######  ########

You're about to initialize a Firebase project in this directory:

  C:\Users\Sivashankar\Downloads\New folder\architha\test

[debug] [2023-11-21T11:55:43.987Z] <<< [apiv2][status] GET https://firebase-public.firebaseio.com/cli.json 200
[debug] [2023-11-21T11:55:43.988Z] <<< [apiv2][body] GET https://firebase-public.firebaseio.com/cli.json {"cloudBuildErrorAfter":1594252800000,"cloudBuildWarnAfter":1590019200000,"defaultNode10After":1594252800000,"minVersion":"3.0.5","node8DeploysDisabledAfter":1613390400000,"node8RuntimeDisabledAfter":1615809600000,"node8WarnAfter":1600128000000}
